<?xml version="1.0" encoding="UTF-8"?>
<!-- Generated by org.testng.reporters.JUnitReportReporter -->
<testsuite hostname="LAPTOP-1PM27EJ9" failures="0" tests="1" name="runner.TC01_LoginPage" time="7.769" errors="0" timestamp="10 May 2023 15:07:39 GMT" skipped="0">
  <testcase classname="runner.TC01_LoginPage" name="runScenario" time="7.769"/>
</testsuite> <!-- runner.TC01_LoginPage -->
